# JRE version: OpenJDK Runtime Environment (17.0.7) (build 17.0.7+0-b2043.56-10550314)
# Java VM: OpenJDK 64-Bit Server VM (17.0.7+0-b2043.56-10550314, mixed mode, tiered, compressed oops, compressed class ptrs, g1 gc, windows-amd64)
GC Precious Log:
 CPUs: 8 total, 8 available
 Memory: 20279M
 Large Page Support: Disabled
 NUMA Support: Disabled
 Compressed Oops: Enabled (32-bit)
 Heap Region Size: 1M
 Heap Min Capacity: 8M
 Heap Initial Capacity: 318M
 Heap Max Capacity: 2G
 Pre-touch: Disabled
 Parallel Workers: 8
 Concurrent Workers: 2
 Concurrent Refinement Workers: 8
 Periodic GC: Disabled
Heap:
 garbage-first heap   total 178176K, used 80053K [0x0000000080000000, 0x0000000100000000)
  region size 1024K, 6 young (6144K), 6 survivors (6144K)
 Metaspace       used 59563K, committed 60160K, reserved 1114112K
  class space    used 8098K, committed 8384K, reserved 1048576K
GC Heap History (20 events):
Event: 0.456 GC heap after
{Heap after GC invocations=1 (full 0):
 garbage-first heap   total 325632K, used 10515K [0x0000000080000000, 0x0000000100000000)
  region size 1024K, 3 young (3072K), 3 survivors (3072K)
 Metaspace       used 10487K, committed 10688K, reserved 1114112K
  class space    used 1095K, committed 1216K, reserved 1048576K
}
Event: 0.728 GC heap before
{Heap before GC invocations=1 (full 0):
 garbage-first heap   total 325632K, used 40211K [0x0000000080000000, 0x0000000100000000)
  region size 1024K, 31 young (31744K), 3 survivors (3072K)
 Metaspace       used 11418K, committed 11584K, reserved 1114112K
  class space    used 1194K, committed 1280K, reserved 1048576K
}
Event: 0.743 GC heap after
{Heap after GC invocations=2 (full 0):
 garbage-first heap   total 325632K, used 12237K [0x0000000080000000, 0x0000000100000000)
  region size 1024K, 2 young (2048K), 2 survivors (2048K)
 Metaspace       used 11418K, committed 11584K, reserved 1114112K
  class space    used 1194K, committed 1280K, reserved 1048576K
}
Event: 1.395 GC heap before
{Heap before GC invocations=2 (full 0):
 garbage-first heap   total 325632K, used 55245K [0x0000000080000000, 0x0000000100000000)
  region size 1024K, 45 young (46080K), 2 survivors (2048K)
 Metaspace       used 21260K, committed 21504K, reserved 1114112K
  class space    used 2527K, committed 2688K, reserved 1048576K
}
Event: 1.399 GC heap after
{Heap after GC invocations=3 (full 0):
 garbage-first heap   total 325632K, used 18891K [0x0000000080000000, 0x0000000100000000)
  region size 1024K, 9 young (9216K), 9 survivors (9216K)
 Metaspace       used 21260K, committed 21504K, reserved 1114112K
  class space    used 2527K, committed 2688K, reserved 1048576K
}
Event: 1.776 GC heap before
{Heap before GC invocations=4 (full 0):
 garbage-first heap   total 71680K, used 52683K [0x0000000080000000, 0x0000000100000000)
  region size 1024K, 42 young (43008K), 9 survivors (9216K)
 Metaspace       used 26563K, committed 26944K, reserved 1114112K
  class space    used 3419K, committed 3584K, reserved 1048576K
}
Event: 1.802 GC heap after
{Heap after GC invocations=5 (full 0):
 garbage-first heap   total 71680K, used 20976K [0x0000000080000000, 0x0000000100000000)
  region size 1024K, 3 young (3072K), 3 survivors (3072K)
 Metaspace       used 26563K, committed 26944K, reserved 1114112K
  class space    used 3419K, committed 3584K, reserved 1048576K
}
Event: 1.822 GC heap before
{Heap before GC invocations=5 (full 0):
 garbage-first heap   total 71680K, used 22000K [0x0000000080000000, 0x0000000100000000)
  region size 1024K, 4 young (4096K), 3 survivors (3072K)
 Metaspace       used 26730K, committed 27072K, reserved 1114112K
  class space    used 3448K, committed 3584K, reserved 1048576K
}
Event: 1.824 GC heap after
{Heap after GC invocations=6 (full 0):
 garbage-first heap   total 71680K, used 20812K [0x0000000080000000, 0x0000000100000000)
  region size 1024K, 1 young (1024K), 1 survivors (1024K)
 Metaspace       used 26730K, committed 27072K, reserved 1114112K
  class space    used 3448K, committed 3584K, reserved 1048576K
}
Event: 2.179 GC heap before
{Heap before GC invocations=6 (full 0):
 garbage-first heap   total 71680K, used 50508K [0x0000000080000000, 0x0000000100000000)
  region size 1024K, 30 young (30720K), 1 survivors (1024K)
 Metaspace       used 30701K, committed 31040K, reserved 1114112K
  class space    used 4123K, committed 4288K, reserved 1048576K
}
Event: 2.194 GC heap after
{Heap after GC invocations=7 (full 0):
 garbage-first heap   total 198656K, used 22332K [0x0000000080000000, 0x0000000100000000)
  region size 1024K, 2 young (2048K), 2 survivors (2048K)
 Metaspace       used 30701K, committed 31040K, reserved 1114112K
  class space    used 4123K, committed 4288K, reserved 1048576K
}
Event: 2.904 GC heap before
{Heap before GC invocations=7 (full 0):
 garbage-first heap   total 198656K, used 90940K [0x0000000080000000, 0x0000000100000000)
  region size 1024K, 50 young (51200K), 2 survivors (2048K)
 Metaspace       used 35824K, committed 36160K, reserved 1114112K
  class space    used 4963K, committed 5120K, reserved 1048576K
}
Event: 2.920 GC heap after
{Heap after GC invocations=8 (full 0):
 garbage-first heap   total 198656K, used 51420K [0x0000000080000000, 0x0000000100000000)
  region size 1024K, 10 young (10240K), 10 survivors (10240K)
 Metaspace       used 35824K, committed 36160K, reserved 1114112K
  class space    used 4963K, committed 5120K, reserved 1048576K
}
Event: 4.016 GC heap before
{Heap before GC invocations=9 (full 0):
 garbage-first heap   total 178176K, used 151772K [0x0000000080000000, 0x0000000100000000)
  region size 1024K, 104 young (106496K), 10 survivors (10240K)
 Metaspace       used 49327K, committed 49728K, reserved 1114112K
  class space    used 6602K, committed 6784K, reserved 1048576K
}
Event: 4.060 GC heap after
{Heap after GC invocations=10 (full 0):
 garbage-first heap   total 178176K, used 58840K [0x0000000080000000, 0x0000000100000000)
  region size 1024K, 13 young (13312K), 13 survivors (13312K)
 Metaspace       used 49327K, committed 49728K, reserved 1114112K
  class space    used 6602K, committed 6784K, reserved 1048576K
}
Event: 4.071 GC heap before
{Heap before GC invocations=10 (full 0):
 garbage-first heap   total 178176K, used 59864K [0x0000000080000000, 0x0000000100000000)
  region size 1024K, 14 young (14336K), 13 survivors (13312K)
 Metaspace       used 49423K, committed 49792K, reserved 1114112K
  class space    used 6623K, committed 6784K, reserved 1048576K
}
Event: 4.114 GC heap after
{Heap after GC invocations=11 (full 0):
 garbage-first heap   total 178176K, used 59731K [0x0000000080000000, 0x0000000100000000)
  region size 1024K, 2 young (2048K), 2 survivors (2048K)
 Metaspace       used 49423K, committed 49792K, reserved 1114112K
  class space    used 6623K, committed 6784K, reserved 1048576K
}
Event: 4.931 GC heap before
{Heap before GC invocations=11 (full 0):
 garbage-first heap   total 178176K, used 137555K [0x0000000080000000, 0x0000000100000000)
  region size 1024K, 69 young (70656K), 2 survivors (2048K)
 Metaspace       used 54610K, committed 55168K, reserved 1114112K
  class space    used 7304K, committed 7552K, reserved 1048576K
}
Event: 4.947 GC heap after
{Heap after GC invocations=12 (full 0):
 garbage-first heap   total 178176K, used 74568K [0x0000000080000000, 0x0000000100000000)
  region size 1024K, 8 young (8192K), 8 survivors (8192K)
 Metaspace       used 54610K, committed 55168K, reserved 1114112K
  class space    used 7304K, committed 7552K, reserved 1048576K
}
Event: 5.607 GC heap before
{Heap before GC invocations=12 (full 0):
 garbage-first heap   total 178176K, used 134984K [0x0000000080000000, 0x0000000100000000)
  region size 1024K, 67 young (68608K), 8 survivors (8192K)
 Metaspace       used 59563K, committed 60160K, reserved 1114112K
  class space    used 8098K, committed 8384K, reserved 1048576K
}

