# JRE version: OpenJDK Runtime Environment (17.0.7) (build 17.0.7+0-b2043.56-10550314)
# Java VM: OpenJDK 64-Bit Server VM (17.0.7+0-b2043.56-10550314, mixed mode, tiered, compressed oops, compressed class ptrs, g1 gc, windows-amd64)
GC Precious Log:
 CPUs: 8 total, 8 available
 Memory: 20279M
 Large Page Support: Disabled
 NUMA Support: Disabled
 Compressed Oops: Enabled (32-bit)
 Heap Region Size: 1M
 Heap Min Capacity: 8M
 Heap Initial Capacity: 318M
 Heap Max Capacity: 2G
 Pre-touch: Disabled
 Parallel Workers: 8
 Concurrent Workers: 2
 Concurrent Refinement Workers: 8
 Periodic GC: Disabled
Heap:
 garbage-first heap   total 325632K, used 118550K [0x0000000080000000, 0x0000000100000000)
  region size 1024K, 7 young (7168K), 7 survivors (7168K)
 Metaspace       used 104259K, committed 105088K, reserved 1179648K
  class space    used 14139K, committed 14528K, reserved 1048576K
GC Heap History (20 events):
Event: 11.175 GC heap after
{Heap after GC invocations=24 (full 0):
 garbage-first heap   total 224256K, used 98199K [0x0000000080000000, 0x0000000100000000)
  region size 1024K, 1 young (1024K), 1 survivors (1024K)
 Metaspace       used 93813K, committed 94464K, reserved 1179648K
  class space    used 12978K, committed 13312K, reserved 1048576K
}
Event: 11.552 GC heap before
{Heap before GC invocations=24 (full 0):
 garbage-first heap   total 224256K, used 173975K [0x0000000080000000, 0x0000000100000000)
  region size 1024K, 73 young (74752K), 1 survivors (1024K)
 Metaspace       used 94430K, committed 95168K, reserved 1179648K
  class space    used 13055K, committed 13376K, reserved 1048576K
}
Event: 11.559 GC heap after
{Heap after GC invocations=25 (full 0):
 garbage-first heap   total 224256K, used 106907K [0x0000000080000000, 0x0000000100000000)
  region size 1024K, 6 young (6144K), 6 survivors (6144K)
 Metaspace       used 94430K, committed 95168K, reserved 1179648K
  class space    used 13055K, committed 13376K, reserved 1048576K
}
Event: 95.603 GC heap before
{Heap before GC invocations=26 (full 0):
 garbage-first heap   total 224256K, used 181659K [0x0000000080000000, 0x0000000100000000)
  region size 1024K, 79 young (80896K), 6 survivors (6144K)
 Metaspace       used 97711K, committed 98432K, reserved 1179648K
  class space    used 13409K, committed 13760K, reserved 1048576K
}
Event: 95.613 GC heap after
{Heap after GC invocations=27 (full 0):
 garbage-first heap   total 224256K, used 109728K [0x0000000080000000, 0x0000000100000000)
  region size 1024K, 7 young (7168K), 7 survivors (7168K)
 Metaspace       used 97711K, committed 98432K, reserved 1179648K
  class space    used 13409K, committed 13760K, reserved 1048576K
}
Event: 95.660 GC heap before
{Heap before GC invocations=27 (full 0):
 garbage-first heap   total 224256K, used 112800K [0x0000000080000000, 0x0000000100000000)
  region size 1024K, 10 young (10240K), 7 survivors (7168K)
 Metaspace       used 97761K, committed 98496K, reserved 1179648K
  class space    used 13409K, committed 13760K, reserved 1048576K
}
Event: 95.669 GC heap after
{Heap after GC invocations=28 (full 0):
 garbage-first heap   total 224256K, used 108588K [0x0000000080000000, 0x0000000100000000)
  region size 1024K, 2 young (2048K), 2 survivors (2048K)
 Metaspace       used 97761K, committed 98496K, reserved 1179648K
  class space    used 13409K, committed 13760K, reserved 1048576K
}
Event: 272.401 GC heap before
{Heap before GC invocations=28 (full 0):
 garbage-first heap   total 224256K, used 180268K [0x0000000080000000, 0x0000000100000000)
  region size 1024K, 73 young (74752K), 2 survivors (2048K)
 Metaspace       used 98419K, committed 99200K, reserved 1179648K
  class space    used 13438K, committed 13824K, reserved 1048576K
}
Event: 272.409 GC heap after
{Heap after GC invocations=29 (full 0):
 garbage-first heap   total 224256K, used 114375K [0x0000000080000000, 0x0000000100000000)
  region size 1024K, 7 young (7168K), 7 survivors (7168K)
 Metaspace       used 98419K, committed 99200K, reserved 1179648K
  class space    used 13438K, committed 13824K, reserved 1048576K
}
Event: 273.165 GC heap before
{Heap before GC invocations=30 (full 0):
 garbage-first heap   total 224256K, used 181959K [0x0000000080000000, 0x0000000100000000)
  region size 1024K, 74 young (75776K), 7 survivors (7168K)
 Metaspace       used 99714K, committed 100544K, reserved 1179648K
  class space    used 13592K, committed 14016K, reserved 1048576K
}
Event: 273.175 GC heap after
{Heap after GC invocations=31 (full 0):
 garbage-first heap   total 224256K, used 121533K [0x0000000080000000, 0x0000000100000000)
  region size 1024K, 8 young (8192K), 8 survivors (8192K)
 Metaspace       used 99714K, committed 100544K, reserved 1179648K
  class space    used 13592K, committed 14016K, reserved 1048576K
}
Event: 273.213 GC heap before
{Heap before GC invocations=31 (full 0):
 garbage-first heap   total 224256K, used 149181K [0x0000000080000000, 0x0000000100000000)
  region size 1024K, 11 young (11264K), 8 survivors (8192K)
 Metaspace       used 99983K, committed 100864K, reserved 1179648K
  class space    used 13624K, committed 14080K, reserved 1048576K
}
Event: 273.223 GC heap after
{Heap after GC invocations=32 (full 0):
 garbage-first heap   total 224256K, used 139644K [0x0000000080000000, 0x0000000100000000)
  region size 1024K, 1 young (1024K), 1 survivors (1024K)
 Metaspace       used 99983K, committed 100864K, reserved 1179648K
  class space    used 13624K, committed 14080K, reserved 1048576K
}
Event: 273.485 GC heap before
{Heap before GC invocations=32 (full 0):
 garbage-first heap   total 224256K, used 143740K [0x0000000080000000, 0x0000000100000000)
  region size 1024K, 6 young (6144K), 1 survivors (1024K)
 Metaspace       used 100241K, committed 101056K, reserved 1179648K
  class space    used 13651K, committed 14080K, reserved 1048576K
}
Event: 273.487 GC heap after
{Heap after GC invocations=33 (full 0):
 garbage-first heap   total 224256K, used 114544K [0x0000000080000000, 0x0000000100000000)
  region size 1024K, 1 young (1024K), 1 survivors (1024K)
 Metaspace       used 100241K, committed 101056K, reserved 1179648K
  class space    used 13651K, committed 14080K, reserved 1048576K
}
Event: 409.939 GC heap before
{Heap before GC invocations=34 (full 0):
 garbage-first heap   total 224256K, used 195440K [0x0000000080000000, 0x0000000100000000)
  region size 1024K, 68 young (69632K), 1 survivors (1024K)
 Metaspace       used 101576K, committed 102400K, reserved 1179648K
  class space    used 13806K, committed 14208K, reserved 1048576K
}
Event: 409.945 GC heap after
{Heap after GC invocations=35 (full 0):
 garbage-first heap   total 224256K, used 120308K [0x0000000080000000, 0x0000000100000000)
  region size 1024K, 7 young (7168K), 7 survivors (7168K)
 Metaspace       used 101576K, committed 102400K, reserved 1179648K
  class space    used 13806K, committed 14208K, reserved 1048576K
}
Event: 409.969 GC heap before
{Heap before GC invocations=35 (full 0):
 garbage-first heap   total 224256K, used 123380K [0x0000000080000000, 0x0000000100000000)
  region size 1024K, 10 young (10240K), 7 survivors (7168K)
 Metaspace       used 101686K, committed 102464K, reserved 1179648K
  class space    used 13825K, committed 14208K, reserved 1048576K
}
Event: 409.978 GC heap after
{Heap after GC invocations=36 (full 0):
 garbage-first heap   total 224256K, used 112606K [0x0000000080000000, 0x0000000100000000)
  region size 1024K, 1 young (1024K), 1 survivors (1024K)
 Metaspace       used 101686K, committed 102464K, reserved 1179648K
  class space    used 13825K, committed 14208K, reserved 1048576K
}
Event: 410.457 GC heap before
{Heap before GC invocations=36 (full 0):
 garbage-first heap   total 224256K, used 181214K [0x0000000080000000, 0x0000000100000000)
  region size 1024K, 69 young (70656K), 1 survivors (1024K)
 Metaspace       used 104259K, committed 105088K, reserved 1179648K
  class space    used 14139K, committed 14528K, reserved 1048576K
}

