# JRE version: OpenJDK Runtime Environment (17.0.7) (build 17.0.7+0-b2043.56-10550314)
# Java VM: OpenJDK 64-Bit Server VM (17.0.7+0-b2043.56-10550314, mixed mode, tiered, compressed oops, compressed class ptrs, g1 gc, windows-amd64)
GC Precious Log:
 CPUs: 8 total, 8 available
 Memory: 20279M
 Large Page Support: Disabled
 NUMA Support: Disabled
 Compressed Oops: Enabled (32-bit)
 Heap Region Size: 1M
 Heap Min Capacity: 8M
 Heap Initial Capacity: 318M
 Heap Max Capacity: 2G
 Pre-touch: Disabled
 Parallel Workers: 8
 Concurrent Workers: 2
 Concurrent Refinement Workers: 8
 Periodic GC: Disabled
Heap:
 garbage-first heap   total 265216K, used 218850K [0x0000000080000000, 0x0000000100000000)
  region size 1024K, 129 young (132096K), 11 survivors (11264K)
 Metaspace       used 97489K, committed 98176K, reserved 1179648K
  class space    used 13429K, committed 13760K, reserved 1048576K
GC Heap History (20 events):
Event: 2.553 GC heap before
{Heap before GC invocations=8 (full 0):
 garbage-first heap   total 71680K, used 29682K [0x0000000080000000, 0x0000000100000000)
  region size 1024K, 11 young (11264K), 4 survivors (4096K)
 Metaspace       used 35636K, committed 35968K, reserved 1114112K
  class space    used 4914K, committed 5056K, reserved 1048576K
}
Event: 2.568 GC heap after
{Heap after GC invocations=9 (full 0):
 garbage-first heap   total 71680K, used 23843K [0x0000000080000000, 0x0000000100000000)
  region size 1024K, 2 young (2048K), 2 survivors (2048K)
 Metaspace       used 35636K, committed 35968K, reserved 1114112K
  class space    used 4914K, committed 5056K, reserved 1048576K
}
Event: 2.879 GC heap before
{Heap before GC invocations=10 (full 0):
 garbage-first heap   total 71680K, used 54563K [0x0000000080000000, 0x0000000100000000)
  region size 1024K, 33 young (33792K), 2 survivors (2048K)
 Metaspace       used 42468K, committed 42816K, reserved 1114112K
  class space    used 5721K, committed 5888K, reserved 1048576K
}
Event: 2.882 GC heap after
{Heap after GC invocations=11 (full 0):
 garbage-first heap   total 198656K, used 28303K [0x0000000080000000, 0x0000000100000000)
  region size 1024K, 5 young (5120K), 5 survivors (5120K)
 Metaspace       used 42468K, committed 42816K, reserved 1114112K
  class space    used 5721K, committed 5888K, reserved 1048576K
}
Event: 3.792 GC heap before
{Heap before GC invocations=11 (full 0):
 garbage-first heap   total 198656K, used 141967K [0x0000000080000000, 0x0000000100000000)
  region size 1024K, 109 young (111616K), 5 survivors (5120K)
 Metaspace       used 53238K, committed 53760K, reserved 1114112K
  class space    used 7194K, committed 7424K, reserved 1048576K
}
Event: 3.800 GC heap after
{Heap after GC invocations=12 (full 0):
 garbage-first heap   total 198656K, used 35209K [0x0000000080000000, 0x0000000100000000)
  region size 1024K, 12 young (12288K), 12 survivors (12288K)
 Metaspace       used 53238K, committed 53760K, reserved 1114112K
  class space    used 7194K, committed 7424K, reserved 1048576K
}
Event: 4.718 GC heap before
{Heap before GC invocations=12 (full 0):
 garbage-first heap   total 198656K, used 146825K [0x0000000080000000, 0x0000000100000000)
  region size 1024K, 116 young (118784K), 12 survivors (12288K)
 Metaspace       used 59486K, committed 60032K, reserved 1114112K
  class space    used 8055K, committed 8320K, reserved 1048576K
}
Event: 4.752 GC heap after
{Heap after GC invocations=13 (full 0):
 garbage-first heap   total 198656K, used 50856K [0x0000000080000000, 0x0000000100000000)
  region size 1024K, 15 young (15360K), 15 survivors (15360K)
 Metaspace       used 59486K, committed 60032K, reserved 1114112K
  class space    used 8055K, committed 8320K, reserved 1048576K
}
Event: 4.781 GC heap before
{Heap before GC invocations=13 (full 0):
 garbage-first heap   total 198656K, used 53928K [0x0000000080000000, 0x0000000100000000)
  region size 1024K, 19 young (19456K), 15 survivors (15360K)
 Metaspace       used 59815K, committed 60288K, reserved 1114112K
  class space    used 8087K, committed 8320K, reserved 1048576K
}
Event: 4.810 GC heap after
{Heap after GC invocations=14 (full 0):
 garbage-first heap   total 198656K, used 53766K [0x0000000080000000, 0x0000000100000000)
  region size 1024K, 2 young (2048K), 2 survivors (2048K)
 Metaspace       used 59815K, committed 60288K, reserved 1114112K
  class space    used 8087K, committed 8320K, reserved 1048576K
}
Event: 5.515 GC heap before
{Heap before GC invocations=15 (full 0):
 garbage-first heap   total 191488K, used 157190K [0x0000000080000000, 0x0000000100000000)
  region size 1024K, 98 young (100352K), 2 survivors (2048K)
 Metaspace       used 68765K, committed 69376K, reserved 1114112K
  class space    used 9271K, committed 9536K, reserved 1048576K
}
Event: 5.518 GC heap after
{Heap after GC invocations=16 (full 0):
 garbage-first heap   total 191488K, used 58736K [0x0000000080000000, 0x0000000100000000)
  region size 1024K, 7 young (7168K), 7 survivors (7168K)
 Metaspace       used 68765K, committed 69376K, reserved 1114112K
  class space    used 9271K, committed 9536K, reserved 1048576K
}
Event: 6.103 GC heap before
{Heap before GC invocations=16 (full 0):
 garbage-first heap   total 191488K, used 148848K [0x0000000080000000, 0x0000000100000000)
  region size 1024K, 95 young (97280K), 7 survivors (7168K)
 Metaspace       used 76423K, committed 76992K, reserved 1179648K
  class space    used 10316K, committed 10560K, reserved 1048576K
}
Event: 6.133 GC heap after
{Heap after GC invocations=17 (full 0):
 garbage-first heap   total 191488K, used 64686K [0x0000000080000000, 0x0000000100000000)
  region size 1024K, 6 young (6144K), 6 survivors (6144K)
 Metaspace       used 76423K, committed 76992K, reserved 1179648K
  class space    used 10316K, committed 10560K, reserved 1048576K
}
Event: 6.871 GC heap before
{Heap before GC invocations=17 (full 0):
 garbage-first heap   total 191488K, used 150702K [0x0000000080000000, 0x0000000100000000)
  region size 1024K, 90 young (92160K), 6 survivors (6144K)
 Metaspace       used 83305K, committed 83968K, reserved 1179648K
  class space    used 11473K, committed 11776K, reserved 1048576K
}
Event: 6.902 GC heap after
{Heap after GC invocations=18 (full 0):
 garbage-first heap   total 191488K, used 68351K [0x0000000080000000, 0x0000000100000000)
  region size 1024K, 10 young (10240K), 10 survivors (10240K)
 Metaspace       used 83305K, committed 83968K, reserved 1179648K
  class space    used 11473K, committed 11776K, reserved 1048576K
}
Event: 7.525 GC heap before
{Heap before GC invocations=18 (full 0):
 garbage-first heap   total 191488K, used 152319K [0x0000000080000000, 0x0000000100000000)
  region size 1024K, 92 young (94208K), 10 survivors (10240K)
 Metaspace       used 90276K, committed 90944K, reserved 1179648K
  class space    used 12480K, committed 12800K, reserved 1048576K
}
Event: 7.558 GC heap after
{Heap after GC invocations=19 (full 0):
 garbage-first heap   total 191488K, used 73649K [0x0000000080000000, 0x0000000100000000)
  region size 1024K, 10 young (10240K), 10 survivors (10240K)
 Metaspace       used 90276K, committed 90944K, reserved 1179648K
  class space    used 12480K, committed 12800K, reserved 1048576K
}
Event: 8.147 GC heap before
{Heap before GC invocations=19 (full 0):
 garbage-first heap   total 191488K, used 151473K [0x0000000080000000, 0x0000000100000000)
  region size 1024K, 87 young (89088K), 10 survivors (10240K)
 Metaspace       used 92893K, committed 93632K, reserved 1179648K
  class space    used 12916K, committed 13248K, reserved 1048576K
}
Event: 8.195 GC heap after
{Heap after GC invocations=20 (full 0):
 garbage-first heap   total 265216K, used 84706K [0x0000000080000000, 0x0000000100000000)
  region size 1024K, 11 young (11264K), 11 survivors (11264K)
 Metaspace       used 92893K, committed 93632K, reserved 1179648K
  class space    used 12916K, committed 13248K, reserved 1048576K
}

